[1mApache Maven 3.8.7[m
Maven home: /usr/share/maven
Java version: 21.0.7, vendor: Ubuntu, runtime: /usr/lib/jvm/java-21-openjdk-amd64
Default locale: en, platform encoding: UTF-8
OS name: "linux", version: "5.15.167.4-microsoft-standard-wsl2", arch: "amd64", family: "unix"
[[1;36mDEBUG[m] Created new class realm maven.api
[[1;36mDEBUG[m] Importing foreign packages into class realm maven.api
[[1;36mDEBUG[m]   Imported: javax.annotation.* < plexus.core
[[1;36mDEBUG[m]   Imported: javax.annotation.security.* < plexus.core
[[1;36mDEBUG[m]   Imported: javax.inject.* < plexus.core
[[1;36mDEBUG[m]   Imported: org.apache.maven.* < plexus.core
[[1;36mDEBUG[m]   Imported: org.apache.maven.artifact < plexus.core
[[1;36mDEBUG[m]   Imported: org.apache.maven.classrealm < plexus.core
[[1;36mDEBUG[m]   Imported: org.apache.maven.cli < plexus.core
[[1;36mDEBUG[m]   Imported: org.apache.maven.configuration < plexus.core
[[1;36mDEBUG[m]   Imported: org.apache.maven.exception < plexus.core
[[1;36mDEBUG[m]   Imported: org.apache.maven.execution < plexus.core
[[1;36mDEBUG[m]   Imported: org.apache.maven.execution.scope < plexus.core
[[1;36mDEBUG[m]   Imported: org.apache.maven.lifecycle < plexus.core
[[1;36mDEBUG[m]   Imported: org.apache.maven.model < plexus.core
[[1;36mDEBUG[m]   Imported: org.apache.maven.monitor < plexus.core
[[1;36mDEBUG[m]   Imported: org.apache.maven.plugin < plexus.core
[[1;36mDEBUG[m]   Imported: org.apache.maven.profiles < plexus.core
[[1;36mDEBUG[m]   Imported: org.apache.maven.project < plexus.core
[[1;36mDEBUG[m]   Imported: org.apache.maven.reporting < plexus.core
[[1;36mDEBUG[m]   Imported: org.apache.maven.repository < plexus.core
[[1;36mDEBUG[m]   Imported: org.apache.maven.rtinfo < plexus.core
[[1;36mDEBUG[m]   Imported: org.apache.maven.settings < plexus.core
[[1;36mDEBUG[m]   Imported: org.apache.maven.toolchain < plexus.core
[[1;36mDEBUG[m]   Imported: org.apache.maven.usability < plexus.core
[[1;36mDEBUG[m]   Imported: org.apache.maven.wagon.* < plexus.core
[[1;36mDEBUG[m]   Imported: org.apache.maven.wagon.authentication < plexus.core
[[1;36mDEBUG[m]   Imported: org.apache.maven.wagon.authorization < plexus.core
[[1;36mDEBUG[m]   Imported: org.apache.maven.wagon.events < plexus.core
[[1;36mDEBUG[m]   Imported: org.apache.maven.wagon.observers < plexus.core
[[1;36mDEBUG[m]   Imported: org.apache.maven.wagon.proxy < plexus.core
[[1;36mDEBUG[m]   Imported: org.apache.maven.wagon.repository < plexus.core
[[1;36mDEBUG[m]   Imported: org.apache.maven.wagon.resource < plexus.core
[[1;36mDEBUG[m]   Imported: org.codehaus.classworlds < plexus.core
[[1;36mDEBUG[m]   Imported: org.codehaus.plexus.* < plexus.core
[[1;36mDEBUG[m]   Imported: org.codehaus.plexus.classworlds < plexus.core
[[1;36mDEBUG[m]   Imported: org.codehaus.plexus.component < plexus.core
[[1;36mDEBUG[m]   Imported: org.codehaus.plexus.configuration < plexus.core
[[1;36mDEBUG[m]   Imported: org.codehaus.plexus.container < plexus.core
[[1;36mDEBUG[m]   Imported: org.codehaus.plexus.context < plexus.core
[[1;36mDEBUG[m]   Imported: org.codehaus.plexus.lifecycle < plexus.core
[[1;36mDEBUG[m]   Imported: org.codehaus.plexus.logging < plexus.core
[[1;36mDEBUG[m]   Imported: org.codehaus.plexus.personality < plexus.core
[[1;36mDEBUG[m]   Imported: org.codehaus.plexus.util.xml.Xpp3Dom < plexus.core
[[1;36mDEBUG[m]   Imported: org.codehaus.plexus.util.xml.pull.XmlPullParser < plexus.core
[[1;36mDEBUG[m]   Imported: org.codehaus.plexus.util.xml.pull.XmlPullParserException < plexus.core
[[1;36mDEBUG[m]   Imported: org.codehaus.plexus.util.xml.pull.XmlSerializer < plexus.core
[[1;36mDEBUG[m]   Imported: org.eclipse.aether.* < plexus.core
[[1;36mDEBUG[m]   Imported: org.eclipse.aether.artifact < plexus.core
[[1;36mDEBUG[m]   Imported: org.eclipse.aether.collection < plexus.core
[[1;36mDEBUG[m]   Imported: org.eclipse.aether.deployment < plexus.core
[[1;36mDEBUG[m]   Imported: org.eclipse.aether.graph < plexus.core
[[1;36mDEBUG[m]   Imported: org.eclipse.aether.impl < plexus.core
[[1;36mDEBUG[m]   Imported: org.eclipse.aether.installation < plexus.core
[[1;36mDEBUG[m]   Imported: org.eclipse.aether.internal.impl < plexus.core
[[1;36mDEBUG[m]   Imported: org.eclipse.aether.metadata < plexus.core
[[1;36mDEBUG[m]   Imported: org.eclipse.aether.repository < plexus.core
[[1;36mDEBUG[m]   Imported: org.eclipse.aether.resolution < plexus.core
[[1;36mDEBUG[m]   Imported: org.eclipse.aether.spi < plexus.core
[[1;36mDEBUG[m]   Imported: org.eclipse.aether.transfer < plexus.core
[[1;36mDEBUG[m]   Imported: org.eclipse.aether.version < plexus.core
[[1;36mDEBUG[m]   Imported: org.fusesource.jansi.* < plexus.core
[[1;36mDEBUG[m]   Imported: org.slf4j.* < plexus.core
[[1;36mDEBUG[m]   Imported: org.slf4j.event.* < plexus.core
[[1;36mDEBUG[m]   Imported: org.slf4j.helpers.* < plexus.core
[[1;36mDEBUG[m]   Imported: org.slf4j.spi.* < plexus.core
[[1;36mDEBUG[m] Populating class realm maven.api
[[1;34mINFO[m] Error stacktraces are turned on.
[[1;36mDEBUG[m] Message scheme: color
[[1;36mDEBUG[m] Message styles: [1;36mdebug[m [1;34minfo[m [1;33mwarning[m [1;31merror[m [1;32msuccess[m [1;31mfailure[m [1mstrong[m [32mmojo[m [36mproject[m
[[1;36mDEBUG[m] Reading global settings from /usr/share/maven/conf/settings.xml
[[1;36mDEBUG[m] Reading user settings from /home/amash/.m2/settings.xml
[[1;36mDEBUG[m] Reading global toolchains from /usr/share/maven/conf/toolchains.xml
[[1;36mDEBUG[m] Reading user toolchains from /home/amash/.m2/toolchains.xml
[[1;36mDEBUG[m] Using local repository at /home/amash/.m2/repository
[[1;36mDEBUG[m] Using manager EnhancedLocalRepositoryManager with priority 10.0 for /home/amash/.m2/repository
[[1;34mINFO[m] Scanning for projects...
[[1;36mDEBUG[m] Extension realms for project org.ebook:chaincode:jar:1.0-SNAPSHOT: (none)
[[1;36mDEBUG[m] Looking up lifecycle mappings for packaging jar from ClassRealm[plexus.core, parent: null]
[[1;36mDEBUG[m] === REACTOR BUILD PLAN ================================================
[[1;36mDEBUG[m] Project: org.ebook:chaincode:jar:1.0-SNAPSHOT
[[1;36mDEBUG[m] Tasks:   [clean, install]
[[1;36mDEBUG[m] Style:   Regular
[[1;36mDEBUG[m] =======================================================================
[[1;34mINFO[m] 
[[1;34mINFO[m] [1m------------------------< [0;36morg.ebook:chaincode[0;1m >-------------------------[m
[[1;34mINFO[m] [1mBuilding ebook-licensing-chaincode 1.0-SNAPSHOT[m
[[1;34mINFO[m] [1m--------------------------------[ jar ]---------------------------------[m
[[1;36mDEBUG[m] Lifecycle default -> [validate, initialize, generate-sources, process-sources, generate-resources, process-resources, compile, process-classes, generate-test-sources, process-test-sources, generate-test-resources, process-test-resources, test-compile, process-test-classes, test, prepare-package, package, pre-integration-test, integration-test, post-integration-test, verify, install, deploy]
[[1;36mDEBUG[m] Lifecycle clean -> [pre-clean, clean, post-clean]
[[1;36mDEBUG[m] Lifecycle site -> [pre-site, site, post-site, site-deploy]
[[1;36mDEBUG[m] Lifecycle default -> [validate, initialize, generate-sources, process-sources, generate-resources, process-resources, compile, process-classes, generate-test-sources, process-test-sources, generate-test-resources, process-test-resources, test-compile, process-test-classes, test, prepare-package, package, pre-integration-test, integration-test, post-integration-test, verify, install, deploy]
[[1;36mDEBUG[m] Lifecycle clean -> [pre-clean, clean, post-clean]
[[1;36mDEBUG[m] Lifecycle site -> [pre-site, site, post-site, site-deploy]
[[1;36mDEBUG[m] Using mirror maven-default-http-blocker (http://0.0.0.0/) for apache.snapshots (http://repository.apache.org/snapshots).
[[1;36mDEBUG[m] Lifecycle default -> [validate, initialize, generate-sources, process-sources, generate-resources, process-resources, compile, process-classes, generate-test-sources, process-test-sources, generate-test-resources, process-test-resources, test-compile, process-test-classes, test, prepare-package, package, pre-integration-test, integration-test, post-integration-test, verify, install, deploy]
[[1;36mDEBUG[m] Lifecycle clean -> [pre-clean, clean, post-clean]
[[1;36mDEBUG[m] Lifecycle site -> [pre-site, site, post-site, site-deploy]
[[1;36mDEBUG[m] Lifecycle default -> [validate, initialize, generate-sources, process-sources, generate-resources, process-resources, compile, process-classes, generate-test-sources, process-test-sources, generate-test-resources, process-test-resources, test-compile, process-test-classes, test, prepare-package, package, pre-integration-test, integration-test, post-integration-test, verify, install, deploy]
[[1;36mDEBUG[m] Lifecycle clean -> [pre-clean, clean, post-clean]
[[1;36mDEBUG[m] Lifecycle site -> [pre-site, site, post-site, site-deploy]
[[1;36mDEBUG[m] Lifecycle default -> [validate, initialize, generate-sources, process-sources, generate-resources, process-resources, compile, process-classes, generate-test-sources, process-test-sources, generate-test-resources, process-test-resources, test-compile, process-test-classes, test, prepare-package, package, pre-integration-test, integration-test, post-integration-test, verify, install, deploy]
[[1;36mDEBUG[m] Lifecycle clean -> [pre-clean, clean, post-clean]
[[1;36mDEBUG[m] Lifecycle site -> [pre-site, site, post-site, site-deploy]
[[1;36mDEBUG[m] Lifecycle default -> [validate, initialize, generate-sources, process-sources, generate-resources, process-resources, compile, process-classes, generate-test-sources, process-test-sources, generate-test-resources, process-test-resources, test-compile, process-test-classes, test, prepare-package, package, pre-integration-test, integration-test, post-integration-test, verify, install, deploy]
[[1;36mDEBUG[m] Lifecycle clean -> [pre-clean, clean, post-clean]
[[1;36mDEBUG[m] Lifecycle site -> [pre-site, site, post-site, site-deploy]
[[1;36mDEBUG[m] Lifecycle default -> [validate, initialize, generate-sources, process-sources, generate-resources, process-resources, compile, process-classes, generate-test-sources, process-test-sources, generate-test-resources, process-test-resources, test-compile, process-test-classes, test, prepare-package, package, pre-integration-test, integration-test, post-integration-test, verify, install, deploy]
[[1;36mDEBUG[m] Lifecycle clean -> [pre-clean, clean, post-clean]
[[1;36mDEBUG[m] Lifecycle site -> [pre-site, site, post-site, site-deploy]
[[1;36mDEBUG[m] Lifecycle default -> [validate, initialize, generate-sources, process-sources, generate-resources, process-resources, compile, process-classes, generate-test-sources, process-test-sources, generate-test-resources, process-test-resources, test-compile, process-test-classes, test, prepare-package, package, pre-integration-test, integration-test, post-integration-test, verify, install, deploy]
[[1;36mDEBUG[m] Lifecycle clean -> [pre-clean, clean, post-clean]
[[1;36mDEBUG[m] Lifecycle site -> [pre-site, site, post-site, site-deploy]
[[1;36mDEBUG[m] Lifecycle default -> [validate, initialize, generate-sources, process-sources, generate-resources, process-resources, compile, process-classes, generate-test-sources, process-test-sources, generate-test-resources, process-test-resources, test-compile, process-test-classes, test, prepare-package, package, pre-integration-test, integration-test, post-integration-test, verify, install, deploy]
[[1;36mDEBUG[m] Lifecycle clean -> [pre-clean, clean, post-clean]
[[1;36mDEBUG[m] Lifecycle site -> [pre-site, site, post-site, site-deploy]
[[1;36mDEBUG[m] Lifecycle default -> [validate, initialize, generate-sources, process-sources, generate-resources, process-resources, compile, process-classes, generate-test-sources, process-test-sources, generate-test-resources, process-test-resources, test-compile, process-test-classes, test, prepare-package, package, pre-integration-test, integration-test, post-integration-test, verify, install, deploy]
[[1;36mDEBUG[m] Lifecycle clean -> [pre-clean, clean, post-clean]
[[1;36mDEBUG[m] Lifecycle site -> [pre-site, site, post-site, site-deploy]
[[1;36mDEBUG[m] Lifecycle default -> [validate, initialize, generate-sources, process-sources, generate-resources, process-resources, compile, process-classes, generate-test-sources, process-test-sources, generate-test-resources, process-test-resources, test-compile, process-test-classes, test, prepare-package, package, pre-integration-test, integration-test, post-integration-test, verify, install, deploy]
[[1;36mDEBUG[m] Lifecycle clean -> [pre-clean, clean, post-clean]
[[1;36mDEBUG[m] Lifecycle site -> [pre-site, site, post-site, site-deploy]
[[1;36mDEBUG[m] === PROJECT BUILD PLAN ================================================
[[1;36mDEBUG[m] Project:       org.ebook:chaincode:1.0-SNAPSHOT
[[1;36mDEBUG[m] Dependencies (collect): []
[[1;36mDEBUG[m] Dependencies (resolve): [compile, runtime, test]
[[1;36mDEBUG[m] Repositories (dependencies): [jitpack.io (https://jitpack.io, default, releases+snapshots), central (https://repo.maven.apache.org/maven2, default, releases)]
[[1;36mDEBUG[m] Repositories (plugins)     : [central (https://repo.maven.apache.org/maven2, default, releases)]
[[1;36mDEBUG[m] -----------------------------------------------------------------------
[[1;36mDEBUG[m] Goal:          org.apache.maven.plugins:maven-clean-plugin:2.5:clean (default-clean)
[[1;36mDEBUG[m] Style:         Regular
[[1;36mDEBUG[m] Configuration: <?xml version="1.0" encoding="UTF-8"?>
<configuration>
  <directory default-value="${project.build.directory}"/>
  <excludeDefaultDirectories default-value="false">${clean.excludeDefaultDirectories}</excludeDefaultDirectories>
  <failOnError default-value="true">${maven.clean.failOnError}</failOnError>
  <followSymLinks default-value="false">${clean.followSymLinks}</followSymLinks>
  <outputDirectory default-value="${project.build.outputDirectory}"/>
  <reportDirectory default-value="${project.reporting.outputDirectory}"/>
  <retryOnError default-value="true">${maven.clean.retryOnError}</retryOnError>
  <skip default-value="false">${clean.skip}</skip>
  <testOutputDirectory default-value="${project.build.testOutputDirectory}"/>
  <verbose>${clean.verbose}</verbose>
</configuration>
[[1;36mDEBUG[m] -----------------------------------------------------------------------
[[1;36mDEBUG[m] Goal:          org.xolstice.maven.plugins:protobuf-maven-plugin:0.6.1:compile (generate-proto)
[[1;36mDEBUG[m] Style:         Regular
[[1;36mDEBUG[m] Configuration: <?xml version="1.0" encoding="UTF-8"?>
<configuration>
  <attachDescriptorSet default-value="false"/>
  <attachProtoSources default-value="true"/>
  <checkStaleness default-value="false"/>
  <clearOutputDirectory default-value="true"/>
  <descriptorSetFileName default-value="${project.build.finalName}.protobin"/>
  <descriptorSetOutputDirectory default-value="${project.build.directory}/generated-resources/protobuf/descriptor-sets"/>
  <forceMojoExecution default-value="false">${protoc.force}</forceMojoExecution>
  <hashDependentPaths default-value="true"/>
  <includeDependenciesInDescriptorSet default-value="false"/>
  <includeSourceInfoInDescriptorSet default-value="false"/>
  <localRepository>${localRepository}</localRepository>
  <outputDirectory default-value="${project.build.directory}/generated-sources/protobuf/java">/home/amash/fyp/BlockBooks/chaincode/target/generated-sources/protobuf/java</outputDirectory>
  <project default-value="${project}"/>
  <protoSourceRoot default-value="${basedir}/src/main/proto">/home/amash/fyp/BlockBooks/chaincode/src/main/proto</protoSourceRoot>
  <protocArtifact>com.google.protobuf:protoc:3.6.1</protocArtifact>
  <protocExecutable>${protocExecutable}</protocExecutable>
  <protocPluginDirectory default-value="${project.build.directory}/protoc-plugins"/>
  <remoteRepositories default-value="${project.remoteArtifactRepositories}"/>
  <session default-value="${session}"/>
  <skip default-value="false">${protoc.skip}</skip>
  <staleMillis default-value="0"/>
  <tempDirectory default-value="${project.build.directory}"/>
  <temporaryProtoFileDirectory default-value="${project.build.directory}/protoc-dependencies"/>
  <useArgumentFile default-value="false"/>
  <writeDescriptorSet default-value="false"/>
</configuration>
[[1;36mDEBUG[m] -----------------------------------------------------------------------
[[1;36mDEBUG[m] Goal:          org.xolstice.maven.plugins:protobuf-maven-plugin:0.6.1:compile-custom (generate-grpc)
[[1;36mDEBUG[m] Style:         Regular
[[1;36mDEBUG[m] Configuration: <?xml version="1.0" encoding="UTF-8"?>
<configuration>
  <attachDescriptorSet default-value="false"/>
  <attachProtoSources default-value="true"/>
  <checkStaleness default-value="false"/>
  <clearOutputDirectory default-value="true"/>
  <descriptorSetFileName default-value="${project.build.finalName}.protobin"/>
  <descriptorSetOutputDirectory default-value="${project.build.directory}/generated-resources/protobuf/descriptor-sets"/>
  <forceMojoExecution default-value="false">${protoc.force}</forceMojoExecution>
  <hashDependentPaths default-value="true"/>
  <includeDependenciesInDescriptorSet default-value="false"/>
  <includeSourceInfoInDescriptorSet default-value="false"/>
  <localRepository>${localRepository}</localRepository>
  <outputBaseDirectory default-value="${project.build.directory}/generated-sources/protobuf"/>
  <outputDirectory>/home/amash/fyp/BlockBooks/chaincode/target/generated-sources/protobuf/grpc-java</outputDirectory>
  <pluginArtifact>io.grpc:protoc-gen-grpc-java:1.15.1</pluginArtifact>
  <pluginExecutable>${protocPluginExecutable}</pluginExecutable>
  <pluginId>grpc-java</pluginId>
  <pluginParameter>${protocPluginParameter}</pluginParameter>
  <pluginTool>${protocPluginTool}</pluginTool>
  <pluginToolchain>${protocPluginToolchain}</pluginToolchain>
  <project default-value="${project}"/>
  <protoSourceRoot default-value="${basedir}/src/main/proto">/home/amash/fyp/BlockBooks/chaincode/src/main/proto</protoSourceRoot>
  <protocArtifact>com.google.protobuf:protoc:3.6.1</protocArtifact>
  <protocExecutable>${protocExecutable}</protocExecutable>
  <protocPluginDirectory default-value="${project.build.directory}/protoc-plugins"/>
  <remoteRepositories default-value="${project.remoteArtifactRepositories}"/>
  <session default-value="${session}"/>
  <skip default-value="false">${protoc.skip}</skip>
  <staleMillis default-value="0"/>
  <tempDirectory default-value="${project.build.directory}"/>
  <temporaryProtoFileDirectory default-value="${project.build.directory}/protoc-dependencies"/>
  <useArgumentFile default-value="false"/>
  <writeDescriptorSet default-value="false"/>
</configuration>
[[1;36mDEBUG[m] -----------------------------------------------------------------------
[[1;36mDEBUG[m] Goal:          org.apache.maven.plugins:maven-resources-plugin:2.6:resources (default-resources)
[[1;36mDEBUG[m] Style:         Regular
[[1;36mDEBUG[m] Configuration: <?xml version="1.0" encoding="UTF-8"?>
<configuration>
  <buildFilters default-value="${project.build.filters}"/>
  <encoding default-value="${project.build.sourceEncoding}">${encoding}</encoding>
  <escapeString>${maven.resources.escapeString}</escapeString>
  <escapeWindowsPaths default-value="true">${maven.resources.escapeWindowsPaths}</escapeWindowsPaths>
  <includeEmptyDirs default-value="false">${maven.resources.includeEmptyDirs}</includeEmptyDirs>
  <outputDirectory default-value="${project.build.outputDirectory}"/>
  <overwrite default-value="false">${maven.resources.overwrite}</overwrite>
  <project default-value="${project}"/>
  <resources default-value="${project.resources}"/>
  <session default-value="${session}"/>
  <supportMultiLineFiltering default-value="false">${maven.resources.supportMultiLineFiltering}</supportMultiLineFiltering>
  <useBuildFilters default-value="true"/>
  <useDefaultDelimiters default-value="true"/>
</configuration>
[[1;36mDEBUG[m] -----------------------------------------------------------------------
[[1;36mDEBUG[m] Goal:          org.apache.maven.plugins:maven-compiler-plugin:3.1:compile (default-compile)
[[1;36mDEBUG[m] Style:         Regular
[[1;36mDEBUG[m] Configuration: <?xml version="1.0" encoding="UTF-8"?>
<configuration>
  <basedir default-value="${basedir}"/>
  <buildDirectory default-value="${project.build.directory}"/>
  <classpathElements default-value="${project.compileClasspathElements}"/>
  <compileSourceRoots default-value="${project.compileSourceRoots}"/>
  <compilerId default-value="javac">${maven.compiler.compilerId}</compilerId>
  <compilerReuseStrategy default-value="${reuseCreated}">${maven.compiler.compilerReuseStrategy}</compilerReuseStrategy>
  <compilerVersion>${maven.compiler.compilerVersion}</compilerVersion>
  <debug default-value="true">${maven.compiler.debug}</debug>
  <debuglevel>${maven.compiler.debuglevel}</debuglevel>
  <encoding default-value="${project.build.sourceEncoding}">${encoding}</encoding>
  <executable>${maven.compiler.executable}</executable>
  <failOnError default-value="true">${maven.compiler.failOnError}</failOnError>
  <forceJavacCompilerUse default-value="false">${maven.compiler.forceJavacCompilerUse}</forceJavacCompilerUse>
  <fork default-value="false">${maven.compiler.fork}</fork>
  <generatedSourcesDirectory default-value="${project.build.directory}/generated-sources/annotations"/>
  <maxmem>${maven.compiler.maxmem}</maxmem>
  <meminitial>${maven.compiler.meminitial}</meminitial>
  <mojoExecution>${mojoExecution}</mojoExecution>
  <optimize default-value="false">${maven.compiler.optimize}</optimize>
  <outputDirectory default-value="${project.build.outputDirectory}"/>
  <projectArtifact default-value="${project.artifact}"/>
  <showDeprecation default-value="false">${maven.compiler.showDeprecation}</showDeprecation>
  <showWarnings default-value="false">${maven.compiler.showWarnings}</showWarnings>
  <skipMain>${maven.main.skip}</skipMain>
  <skipMultiThreadWarning default-value="false">${maven.compiler.skipMultiThreadWarning}</skipMultiThreadWarning>
  <source default-value="1.5">${maven.compiler.source}</source>
  <staleMillis default-value="0">${lastModGranularityMs}</staleMillis>
  <target default-value="1.5">${maven.compiler.target}</target>
  <useIncrementalCompilation default-value="true">${maven.compiler.useIncrementalCompilation}</useIncrementalCompilation>
  <verbose default-value="false">${maven.compiler.verbose}</verbose>
  <mavenSession default-value="${session}"/>
  <session default-value="${session}"/>
</configuration>
[[1;36mDEBUG[m] -----------------------------------------------------------------------
[[1;36mDEBUG[m] Goal:          org.apache.maven.plugins:maven-resources-plugin:2.6:testResources (default-testResources)
[[1;36mDEBUG[m] Style:         Regular
[[1;36mDEBUG[m] Configuration: <?xml version="1.0" encoding="UTF-8"?>
<configuration>
  <buildFilters default-value="${project.build.filters}"/>
  <encoding default-value="${project.build.sourceEncoding}">${encoding}</encoding>
  <escapeString>${maven.resources.escapeString}</escapeString>
  <escapeWindowsPaths default-value="true">${maven.resources.escapeWindowsPaths}</escapeWindowsPaths>
  <includeEmptyDirs default-value="false">${maven.resources.includeEmptyDirs}</includeEmptyDirs>
  <outputDirectory default-value="${project.build.testOutputDirectory}"/>
  <overwrite default-value="false">${maven.resources.overwrite}</overwrite>
  <project default-value="${project}"/>
  <resources default-value="${project.testResources}"/>
  <session default-value="${session}"/>
  <skip>${maven.test.skip}</skip>
  <supportMultiLineFiltering default-value="false">${maven.resources.supportMultiLineFiltering}</supportMultiLineFiltering>
  <useBuildFilters default-value="true"/>
  <useDefaultDelimiters default-value="true"/>
</configuration>
[[1;36mDEBUG[m] -----------------------------------------------------------------------
[[1;36mDEBUG[m] Goal:          org.apache.maven.plugins:maven-compiler-plugin:3.1:testCompile (default-testCompile)
[[1;36mDEBUG[m] Style:         Regular
[[1;36mDEBUG[m] Configuration: <?xml version="1.0" encoding="UTF-8"?>
<configuration>
  <basedir default-value="${basedir}"/>
  <buildDirectory default-value="${project.build.directory}"/>
  <classpathElements default-value="${project.testClasspathElements}"/>
  <compileSourceRoots default-value="${project.testCompileSourceRoots}"/>
  <compilerId default-value="javac">${maven.compiler.compilerId}</compilerId>
  <compilerReuseStrategy default-value="${reuseCreated}">${maven.compiler.compilerReuseStrategy}</compilerReuseStrategy>
  <compilerVersion>${maven.compiler.compilerVersion}</compilerVersion>
  <debug default-value="true">${maven.compiler.debug}</debug>
  <debuglevel>${maven.compiler.debuglevel}</debuglevel>
  <encoding default-value="${project.build.sourceEncoding}">${encoding}</encoding>
  <executable>${maven.compiler.executable}</executable>
  <failOnError default-value="true">${maven.compiler.failOnError}</failOnError>
  <forceJavacCompilerUse default-value="false">${maven.compiler.forceJavacCompilerUse}</forceJavacCompilerUse>
  <fork default-value="false">${maven.compiler.fork}</fork>
  <generatedTestSourcesDirectory default-value="${project.build.directory}/generated-test-sources/test-annotations"/>
  <maxmem>${maven.compiler.maxmem}</maxmem>
  <meminitial>${maven.compiler.meminitial}</meminitial>
  <mojoExecution>${mojoExecution}</mojoExecution>
  <optimize default-value="false">${maven.compiler.optimize}</optimize>
  <outputDirectory default-value="${project.build.testOutputDirectory}"/>
  <showDeprecation default-value="false">${maven.compiler.showDeprecation}</showDeprecation>
  <showWarnings default-value="false">${maven.compiler.showWarnings}</showWarnings>
  <skip>${maven.test.skip}</skip>
  <skipMultiThreadWarning default-value="false">${maven.compiler.skipMultiThreadWarning}</skipMultiThreadWarning>
  <source default-value="1.5">${maven.compiler.source}</source>
  <staleMillis default-value="0">${lastModGranularityMs}</staleMillis>
  <target default-value="1.5">${maven.compiler.target}</target>
  <testSource>${maven.compiler.testSource}</testSource>
  <testTarget>${maven.compiler.testTarget}</testTarget>
  <useIncrementalCompilation default-value="true">${maven.compiler.useIncrementalCompilation}</useIncrementalCompilation>
  <verbose default-value="false">${maven.compiler.verbose}</verbose>
  <mavenSession default-value="${session}"/>
  <session default-value="${session}"/>
</configuration>
[[1;36mDEBUG[m] -----------------------------------------------------------------------
[[1;36mDEBUG[m] Goal:          org.apache.maven.plugins:maven-surefire-plugin:2.12.4:test (default-test)
[[1;36mDEBUG[m] Style:         Regular
[[1;36mDEBUG[m] Configuration: <?xml version="1.0" encoding="UTF-8"?>
<configuration>
  <argLine>${argLine}</argLine>
  <basedir default-value="${basedir}"/>
  <childDelegation default-value="false">${childDelegation}</childDelegation>
  <classesDirectory default-value="${project.build.outputDirectory}"/>
  <debugForkedProcess>${maven.surefire.debug}</debugForkedProcess>
  <disableXmlReport default-value="false">${disableXmlReport}</disableXmlReport>
  <enableAssertions default-value="true">${enableAssertions}</enableAssertions>
  <excludedGroups>${excludedGroups}</excludedGroups>
  <failIfNoSpecifiedTests>${surefire.failIfNoSpecifiedTests}</failIfNoSpecifiedTests>
  <failIfNoTests>${failIfNoTests}</failIfNoTests>
  <forkMode default-value="once">${forkMode}</forkMode>
  <forkedProcessTimeoutInSeconds>${surefire.timeout}</forkedProcessTimeoutInSeconds>
  <groups>${groups}</groups>
  <junitArtifactName default-value="junit:junit">${junitArtifactName}</junitArtifactName>
  <jvm>${jvm}</jvm>
  <localRepository default-value="${localRepository}"/>
  <objectFactory>${objectFactory}</objectFactory>
  <parallel>${parallel}</parallel>
  <parallelMavenExecution default-value="${session.parallel}"/>
  <perCoreThreadCount default-value="true">${perCoreThreadCount}</perCoreThreadCount>
  <pluginArtifactMap>${plugin.artifactMap}</pluginArtifactMap>
  <pluginDescriptor default-value="${plugin}"/>
  <printSummary default-value="true">${surefire.printSummary}</printSummary>
  <projectArtifactMap>${project.artifactMap}</projectArtifactMap>
  <redirectTestOutputToFile default-value="false">${maven.test.redirectTestOutputToFile}</redirectTestOutputToFile>
  <remoteRepositories default-value="${project.pluginArtifactRepositories}"/>
  <reportFormat default-value="brief">${surefire.reportFormat}</reportFormat>
  <reportNameSuffix default-value="">${surefire.reportNameSuffix}</reportNameSuffix>
  <reportsDirectory default-value="${project.build.directory}/surefire-reports"/>
  <runOrder default-value="filesystem"/>
  <skip default-value="false">${maven.test.skip}</skip>
  <skipExec>${maven.test.skip.exec}</skipExec>
  <skipTests default-value="false">${skipTests}</skipTests>
  <test>${test}</test>
  <testClassesDirectory default-value="${project.build.testOutputDirectory}"/>
  <testFailureIgnore default-value="false">${maven.test.failure.ignore}</testFailureIgnore>
  <testNGArtifactName default-value="org.testng:testng">${testNGArtifactName}</testNGArtifactName>
  <testSourceDirectory default-value="${project.build.testSourceDirectory}"/>
  <threadCount>${threadCount}</threadCount>
  <trimStackTrace default-value="true">${trimStackTrace}</trimStackTrace>
  <useFile default-value="true">${surefire.useFile}</useFile>
  <useManifestOnlyJar default-value="true">${surefire.useManifestOnlyJar}</useManifestOnlyJar>
  <useSystemClassLoader default-value="true">${surefire.useSystemClassLoader}</useSystemClassLoader>
  <useUnlimitedThreads default-value="false">${useUnlimitedThreads}</useUnlimitedThreads>
  <workingDirectory>${basedir}</workingDirectory>
  <project default-value="${project}"/>
  <session default-value="${session}"/>
</configuration>
[[1;36mDEBUG[m] -----------------------------------------------------------------------
[[1;36mDEBUG[m] Goal:          org.apache.maven.plugins:maven-jar-plugin:2.4:jar (default-jar)
[[1;36mDEBUG[m] Style:         Regular
[[1;36mDEBUG[m] Configuration: <?xml version="1.0" encoding="UTF-8"?>
<configuration>
  <classesDirectory default-value="${project.build.outputDirectory}"/>
  <defaultManifestFile default-value="${project.build.outputDirectory}/META-INF/MANIFEST.MF"/>
  <finalName default-value="${project.build.finalName}">${jar.finalName}</finalName>
  <forceCreation default-value="false">${jar.forceCreation}</forceCreation>
  <outputDirectory default-value="${project.build.directory}"/>
  <project default-value="${project}"/>
  <session default-value="${session}"/>
  <skipIfEmpty default-value="false">${jar.skipIfEmpty}</skipIfEmpty>
  <useDefaultManifestFile default-value="false">${jar.useDefaultManifestFile}</useDefaultManifestFile>
</configuration>
[[1;36mDEBUG[m] -----------------------------------------------------------------------
[[1;36mDEBUG[m] Goal:          org.apache.maven.plugins:maven-assembly-plugin:3.3.0:single (make-assembly)
[[1;36mDEBUG[m] Style:         Regular
[[1;36mDEBUG[m] Configuration: <?xml version="1.0" encoding="UTF-8"?>
<configuration>
  <appendAssemblyId default-value="true">${assembly.appendAssemblyId}</appendAssemblyId>
  <archive>
    <manifest>
      <mainClass>org.hyperledger.fabric.contract.ContractRouter</mainClass>
    </manifest>
  </archive>
  <attach default-value="true">${assembly.attach}</attach>
  <basedir default-value="${project.basedir}"/>
  <descriptorRefs>
    <descriptorRef>jar-with-dependencies</descriptorRef>
  </descriptorRefs>
  <dryRun default-value="false">${assembly.dryRun}</dryRun>
  <encoding default-value="${project.build.sourceEncoding}">${encoding}</encoding>
  <escapeString>${assembly.escapeString}</escapeString>
  <finalName default-value="${project.build.finalName}"/>
  <ignoreDirFormatExtensions default-value="true"/>
  <ignoreMissingDescriptor default-value="false">${assembly.ignoreMissingDescriptor}</ignoreMissingDescriptor>
  <ignorePermissions default-value="false">${assembly.ignorePermissions}</ignorePermissions>
  <includeProjectBuildFilters default-value="true">${assembly.includeProjectBuildFilters}</includeProjectBuildFilters>
  <localRepository default-value="${localRepository}"/>
  <mavenSession default-value="${session}"/>
  <outputDirectory default-value="${project.build.directory}"/>
  <outputTimestamp default-value="${project.build.outputTimestamp}"/>
  <plugin default-value="${plugin}"/>
  <project default-value="${project}"/>
  <reactorProjects default-value="${reactorProjects}"/>
  <recompressZippedFiles default-value="true"/>
  <remoteRepositories default-value="${project.remoteArtifactRepositories}"/>
  <runOnlyAtExecutionRoot default-value="false">${assembly.runOnlyAtExecutionRoot}</runOnlyAtExecutionRoot>
  <siteDirectory default-value="${project.reporting.outputDirectory}"/>
  <skipAssembly default-value="false">${assembly.skipAssembly}</skipAssembly>
  <tarLongFileMode default-value="warn">${assembly.tarLongFileMode}</tarLongFileMode>
  <tempRoot default-value="${project.build.directory}/archive-tmp"/>
  <updateOnly default-value="false">${assembly.updateOnly}</updateOnly>
  <useJvmChmod default-value="false">${assembly.useJvmChmod}</useJvmChmod>
  <workDirectory default-value="${project.build.directory}/assembly/work"/>
</configuration>
[[1;36mDEBUG[m] -----------------------------------------------------------------------
[[1;36mDEBUG[m] Goal:          org.apache.maven.plugins:maven-shade-plugin:3.2.4:shade (default)
[[1;36mDEBUG[m] Style:         Regular
[[1;36mDEBUG[m] Configuration: <?xml version="1.0" encoding="UTF-8"?>
<configuration>
  <createDependencyReducedPom default-value="true"/>
  <dependencyReducedPomLocation default-value="${basedir}/dependency-reduced-pom.xml"/>
  <filters>
    <filter>
      <artifact>*:*</artifact>
      <excludes>
        <exclude>META-INF/*.SF</exclude>
        <exclude>META-INF/*.DSA</exclude>
        <exclude>META-INF/*.RSA</exclude>
      </excludes>
    </filter>
  </filters>
  <finalName>chaincode</finalName>
  <generateUniqueDependencyReducedPom default-value="false"/>
  <localRepository default-value="${localRepository}"/>
  <outputDirectory default-value="${project.build.directory}"/>
  <project default-value="${project}"/>
  <remoteArtifactRepositories default-value="${project.remoteArtifactRepositories}"/>
  <session default-value="${session}"/>
  <shadeSourcesContent default-value="false">${shadeSourcesContent}</shadeSourcesContent>
  <shadeTestJar default-value="false"/>
  <shadedArtifactId default-value="${project.artifactId}"/>
  <shadedClassifierName default-value="shaded"/>
  <transformers>
    <transformer implementation="org.apache.maven.plugins.shade.resource.ManifestResourceTransformer">
      <mainClass>org.hyperledger.fabric.contract.ContractRouter</mainClass>
    </transformer>
  </transformers>
  <useBaseVersion default-value="false"/>
</configuration>
[[1;36mDEBUG[m] -----------------------------------------------------------------------
[[1;36mDEBUG[m] Goal:          org.apache.maven.plugins:maven-install-plugin:2.4:install (default-install)
[[1;36mDEBUG[m] Style:         Regular
[[1;36mDEBUG[m] Configuration: <?xml version="1.0" encoding="UTF-8"?>
<configuration>
  <artifact default-value="${project.artifact}"/>
  <attachedArtifacts default-value="${project.attachedArtifacts}"/>
  <createChecksum default-value="false">${createChecksum}</createChecksum>
  <localRepository>${localRepository}</localRepository>
  <packaging default-value="${project.packaging}"/>
  <pomFile default-value="${project.file}"/>
  <skip default-value="false">${maven.install.skip}</skip>
  <updateReleaseInfo default-value="false">${updateReleaseInfo}</updateReleaseInfo>
</configuration>
[[1;36mDEBUG[m] =======================================================================
[[1;36mDEBUG[m] Could not find metadata io.grpc:grpc-core/maven-metadata.xml in local (/home/amash/.m2/repository)
[[1;36mDEBUG[m] io.grpc:grpc-core/maven-metadata.xml was not found in https://jitpack.io during a previous attempt. This failure was cached in the local repository and resolution is not be reattempted until the update interval of jitpack.io has elapsed or updates are forced
[[1;36mDEBUG[m] Skipped remote request for io.grpc:grpc-core/maven-metadata.xml, locally cached metadata up-to-date
[[1;36mDEBUG[m] Could not find metadata io.grpc:grpc-api/maven-metadata.xml in local (/home/amash/.m2/repository)
[[1;36mDEBUG[m] io.grpc:grpc-api/maven-metadata.xml was not found in https://jitpack.io during a previous attempt. This failure was cached in the local repository and resolution is not be reattempted until the update interval of jitpack.io has elapsed or updates are forced
[[1;36mDEBUG[m] Skipped remote request for io.grpc:grpc-api/maven-metadata.xml, locally cached metadata up-to-date
[[1;36mDEBUG[m] Using mirror maven-default-http-blocker (http://0.0.0.0/) for ossrh-snapshots (http://oss.sonatype.org/content/repositories/snapshots).
[[1;36mDEBUG[m] Dependency collection stats {ConflictMarker.analyzeTime=1291176, ConflictMarker.markTime=436297, ConflictMarker.nodeCount=297, ConflictIdSorter.graphTime=969659, ConflictIdSorter.topsortTime=708850, ConflictIdSorter.conflictIdCount=75, ConflictIdSorter.conflictIdCycleCount=16, ConflictResolver.totalTime=10267072, ConflictResolver.conflictItemCount=200, DefaultDependencyCollector.collectTime=366754214, DefaultDependencyCollector.transformTime=15520056}
[[1;36mDEBUG[m] org.ebook:chaincode:jar:1.0-SNAPSHOT
[[1;36mDEBUG[m]    org.hyperledger.fabric-chaincode-java:fabric-chaincode-shim:jar:2.5.0:compile
[[1;36mDEBUG[m]       commons-cli:commons-cli:jar:1.4:runtime
[[1;36mDEBUG[m]       commons-logging:commons-logging:jar:1.2:compile
[[1;36mDEBUG[m]       org.hyperledger.fabric:fabric-protos:jar:0.2.0:runtime
[[1;36mDEBUG[m]          com.google.api.grpc:proto-google-common-protos:jar:2.8.0:runtime
[[1;36mDEBUG[m]          com.google.protobuf:protobuf-java:jar:3.19.4:runtime
[[1;36mDEBUG[m]       org.bouncycastle:bcpkix-jdk15on:jar:1.62:runtime
[[1;36mDEBUG[m]       org.bouncycastle:bcprov-jdk15on:jar:1.62:runtime
[[1;36mDEBUG[m]       io.github.classgraph:classgraph:jar:4.8.146:runtime
[[1;36mDEBUG[m]       org.json:json:jar:20220320:compile
[[1;36mDEBUG[m]       com.google.protobuf:protobuf-java-util:jar:3.20.1:runtime
[[1;36mDEBUG[m]          com.google.j2objc:j2objc-annotations:jar:1.3:compile
[[1;36mDEBUG[m]       io.grpc:grpc-protobuf:jar:1.46.0:runtime
[[1;36mDEBUG[m]          io.grpc:grpc-protobuf-lite:jar:1.46.0:runtime
[[1;36mDEBUG[m]       io.opentelemetry:opentelemetry-api:jar:1.6.0:runtime
[[1;36mDEBUG[m]          io.opentelemetry:opentelemetry-context:jar:1.6.0:runtime
[[1;36mDEBUG[m]       io.opentelemetry:opentelemetry-proto:jar:1.6.0-alpha:runtime
[[1;36mDEBUG[m]       io.opentelemetry:opentelemetry-sdk:jar:1.6.0:runtime
[[1;36mDEBUG[m]          io.opentelemetry:opentelemetry-sdk-common:jar:1.6.0:runtime
[[1;36mDEBUG[m]       io.opentelemetry:opentelemetry-sdk-extension-autoconfigure:jar:1.6.0-alpha:runtime
[[1;36mDEBUG[m]          io.opentelemetry:opentelemetry-sdk-metrics:jar:1.6.0-alpha:runtime
[[1;36mDEBUG[m]          io.opentelemetry:opentelemetry-sdk-extension-autoconfigure-spi:jar:1.6.0:runtime
[[1;36mDEBUG[m]          io.opentelemetry:opentelemetry-semconv:jar:1.6.0-alpha:runtime
[[1;36mDEBUG[m]       io.opentelemetry:opentelemetry-sdk-trace:jar:1.6.0:runtime
[[1;36mDEBUG[m]          io.opentelemetry:opentelemetry-api-metrics:jar:1.6.0-alpha:runtime
[[1;36mDEBUG[m]       io.opentelemetry:opentelemetry-exporter-otlp:jar:1.6.0:runtime
[[1;36mDEBUG[m]          io.opentelemetry:opentelemetry-exporter-otlp-trace:jar:1.6.0:runtime
[[1;36mDEBUG[m]             io.opentelemetry:opentelemetry-exporter-otlp-common:jar:1.6.0:runtime
[[1;36mDEBUG[m]       io.opentelemetry:opentelemetry-extension-trace-propagators:jar:1.6.0:runtime
[[1;36mDEBUG[m]       io.opentelemetry.instrumentation:opentelemetry-grpc-1.6:jar:1.5.3-alpha:runtime
[[1;36mDEBUG[m]          io.opentelemetry.instrumentation:opentelemetry-instrumentation-api:jar:1.5.3-alpha:runtime
[[1;36mDEBUG[m]             org.slf4j:slf4j-api:jar:1.7.30:runtime
[[1;36mDEBUG[m]    com.github.everit-org.json-schema:org.everit.json.schema:jar:1.14.1:compile
[[1;36mDEBUG[m]       commons-validator:commons-validator:jar:1.7:compile
[[1;36mDEBUG[m]          commons-digester:commons-digester:jar:2.1:compile
[[1;36mDEBUG[m]          commons-collections:commons-collections:jar:3.2.2:compile
[[1;36mDEBUG[m]       com.damnhandy:handy-uri-templates:jar:2.1.8:compile
[[1;36mDEBUG[m]          joda-time:joda-time:jar:2.10.2:compile
[[1;36mDEBUG[m]       com.google.re2j:re2j:jar:1.6:compile
[[1;36mDEBUG[m]    com.google.code.gson:gson:jar:2.10.1:compile
[[1;36mDEBUG[m]    io.grpc:grpc-api:jar:1.69.0:compile
[[1;36mDEBUG[m]       com.google.code.findbugs:jsr305:jar:3.0.2:compile
[[1;36mDEBUG[m]       com.google.errorprone:error_prone_annotations:jar:2.30.0:compile
[[1;36mDEBUG[m]       com.google.guava:guava:jar:33.3.1-android:compile
[[1;36mDEBUG[m]          com.google.guava:failureaccess:jar:1.0.2:compile
[[1;36mDEBUG[m]          com.google.guava:listenablefuture:jar:9999.0-empty-to-avoid-conflict-with-guava:compile
[[1;36mDEBUG[m]          org.checkerframework:checker-qual:jar:3.43.0:compile
[[1;36mDEBUG[m]    io.grpc:grpc-netty-shaded:jar:1.69.0:runtime
[[1;36mDEBUG[m]       io.grpc:grpc-util:jar:1.69.0:runtime
[[1;36mDEBUG[m]          org.codehaus.mojo:animal-sniffer-annotations:jar:1.24:runtime
[[1;36mDEBUG[m]       io.grpc:grpc-core:jar:1.69.0:runtime
[[1;36mDEBUG[m]          com.google.android:annotations:jar:4.1.1.4:runtime
[[1;36mDEBUG[m]          io.grpc:grpc-context:jar:1.69.0:runtime
[[1;36mDEBUG[m]       io.perfmark:perfmark-api:jar:0.27.0:runtime
[[1;36mDEBUG[m]    io.grpc:grpc-netty:jar:1.69.0:compile
[[1;36mDEBUG[m]       io.netty:netty-codec-http2:jar:4.1.110.Final:compile
[[1;36mDEBUG[m]          io.netty:netty-common:jar:4.1.110.Final:compile
[[1;36mDEBUG[m]          io.netty:netty-buffer:jar:4.1.110.Final:compile
[[1;36mDEBUG[m]          io.netty:netty-transport:jar:4.1.110.Final:compile
[[1;36mDEBUG[m]             io.netty:netty-resolver:jar:4.1.110.Final:compile
[[1;36mDEBUG[m]          io.netty:netty-codec:jar:4.1.110.Final:compile
[[1;36mDEBUG[m]          io.netty:netty-handler:jar:4.1.110.Final:compile
[[1;36mDEBUG[m]          io.netty:netty-codec-http:jar:4.1.110.Final:compile
[[1;36mDEBUG[m]       io.netty:netty-handler-proxy:jar:4.1.110.Final:runtime
[[1;36mDEBUG[m]          io.netty:netty-codec-socks:jar:4.1.110.Final:runtime
[[1;36mDEBUG[m]       io.netty:netty-transport-native-unix-common:jar:4.1.110.Final:compile
[[1;36mDEBUG[m]    io.grpc:grpc-stub:jar:1.69.0:compile
[[1;36mDEBUG[m]    io.netty:netty-tcnative-boringssl-static:jar:2.0.61.Final:compile
[[1;36mDEBUG[m]       io.netty:netty-tcnative-classes:jar:2.0.61.Final:compile
[[1;36mDEBUG[m]       io.netty:netty-tcnative-boringssl-static:jar:linux-x86_64:2.0.61.Final:compile
[[1;36mDEBUG[m]       io.netty:netty-tcnative-boringssl-static:jar:linux-aarch_64:2.0.61.Final:compile
[[1;36mDEBUG[m]       io.netty:netty-tcnative-boringssl-static:jar:osx-x86_64:2.0.61.Final:compile
[[1;36mDEBUG[m]       io.netty:netty-tcnative-boringssl-static:jar:osx-aarch_64:2.0.61.Final:compile
[[1;36mDEBUG[m]       io.netty:netty-tcnative-boringssl-static:jar:windows-x86_64:2.0.61.Final:compile
[[1;34mINFO[m] 
[[1;34mINFO[m] [1m--- [0;32mmaven-clean-plugin:2.5:clean[m [1m(default-clean)[m @ [36mchaincode[0;1m ---[m
[[1;36mDEBUG[m] Using mirror maven-default-http-blocker (http://0.0.0.0/) for apache.snapshots (http://people.apache.org/repo/m2-snapshot-repository).
[[1;36mDEBUG[m] Dependency collection stats {ConflictMarker.analyzeTime=183107, ConflictMarker.markTime=123438, ConflictMarker.nodeCount=3, ConflictIdSorter.graphTime=64408, ConflictIdSorter.topsortTime=16801, ConflictIdSorter.conflictIdCount=3, ConflictIdSorter.conflictIdCycleCount=0, ConflictResolver.totalTime=104509, ConflictResolver.conflictItemCount=3, DefaultDependencyCollector.collectTime=14166550, DefaultDependencyCollector.transformTime=565083}
[[1;36mDEBUG[m] org.apache.maven.plugins:maven-clean-plugin:jar:2.5
[[1;36mDEBUG[m]    org.apache.maven:maven-plugin-api:jar:2.0.6:compile
[[1;36mDEBUG[m]    org.codehaus.plexus:plexus-utils:jar:3.0:compile
[[1;36mDEBUG[m] Created new class realm plugin>org.apache.maven.plugins:maven-clean-plugin:2.5
[[1;36mDEBUG[m] Importing foreign packages into class realm plugin>org.apache.maven.plugins:maven-clean-plugin:2.5
[[1;36mDEBUG[m]   Imported:  < maven.api
[[1;36mDEBUG[m] Populating class realm plugin>org.apache.maven.plugins:maven-clean-plugin:2.5
[[1;36mDEBUG[m]   Included: org.apache.maven.plugins:maven-clean-plugin:jar:2.5
[[1;36mDEBUG[m]   Included: org.codehaus.plexus:plexus-utils:jar:3.0
[[1;36mDEBUG[m] Configuring mojo org.apache.maven.plugins:maven-clean-plugin:2.5:clean from plugin realm ClassRealm[plugin>org.apache.maven.plugins:maven-clean-plugin:2.5, parent: jdk.internal.loader.ClassLoaders$AppClassLoader@639fee48]
[[1;36mDEBUG[m] Configuring mojo 'org.apache.maven.plugins:maven-clean-plugin:2.5:clean' with basic configurator -->
[[1;36mDEBUG[m]   (f) directory = /home/amash/fyp/BlockBooks/chaincode/target
[[1;36mDEBUG[m]   (f) excludeDefaultDirectories = false
[[1;36mDEBUG[m]   (f) failOnError = true
[[1;36mDEBUG[m]   (f) followSymLinks = false
[[1;36mDEBUG[m]   (f) outputDirectory = /home/amash/fyp/BlockBooks/chaincode/target/classes
[[1;36mDEBUG[m]   (f) reportDirectory = /home/amash/fyp/BlockBooks/chaincode/target/site
[[1;36mDEBUG[m]   (f) retryOnError = true
[[1;36mDEBUG[m]   (f) skip = false
[[1;36mDEBUG[m]   (f) testOutputDirectory = /home/amash/fyp/BlockBooks/chaincode/target/test-classes
[[1;36mDEBUG[m] -- end configuration --
[[1;34mINFO[m] Deleting /home/amash/fyp/BlockBooks/chaincode/target
[[1;34mINFO[m] Deleting file /home/amash/fyp/BlockBooks/chaincode/target/classes/org/ebook/EbookLicense.class
[[1;34mINFO[m] Deleting file /home/amash/fyp/BlockBooks/chaincode/target/classes/org/ebook/GRPCServer$LicenseService.class
[[1;34mINFO[m] Deleting file /home/amash/fyp/BlockBooks/chaincode/target/classes/org/ebook/EbookLicenseContract.class
[[1;34mINFO[m] Deleting file /home/amash/fyp/BlockBooks/chaincode/target/classes/org/ebook/GRPCServer.class
[[1;34mINFO[m] Deleting directory /home/amash/fyp/BlockBooks/chaincode/target/classes/org/ebook
[[1;34mINFO[m] Deleting directory /home/amash/fyp/BlockBooks/chaincode/target/classes/org
[[1;34mINFO[m] Deleting directory /home/amash/fyp/BlockBooks/chaincode/target/classes
[[1;34mINFO[m] Deleting file /home/amash/fyp/BlockBooks/chaincode/target/chaincode-1.0-SNAPSHOT.jar
[[1;34mINFO[m] Deleting directory /home/amash/fyp/BlockBooks/chaincode/target/archive-tmp
[[1;34mINFO[m] Deleting file /home/amash/fyp/BlockBooks/chaincode/target/maven-archiver/pom.properties
[[1;34mINFO[m] Deleting directory /home/amash/fyp/BlockBooks/chaincode/target/maven-archiver
[[1;34mINFO[m] Deleting file /home/amash/fyp/BlockBooks/chaincode/target/chaincode.jar
[[1;34mINFO[m] Deleting file /home/amash/fyp/BlockBooks/chaincode/target/chaincode-1.0-SNAPSHOT-jar-with-dependencies.jar
[[1;34mINFO[m] Deleting directory /home/amash/fyp/BlockBooks/chaincode/target/generated-sources/protobuf/grpc-java
[[1;34mINFO[m] Deleting directory /home/amash/fyp/BlockBooks/chaincode/target/generated-sources/protobuf/java
[[1;34mINFO[m] Deleting directory /home/amash/fyp/BlockBooks/chaincode/target/generated-sources/protobuf
[[1;34mINFO[m] Deleting directory /home/amash/fyp/BlockBooks/chaincode/target/generated-sources
[[1;34mINFO[m] Deleting directory /home/amash/fyp/BlockBooks/chaincode/target
[[1;36mDEBUG[m] Skipping non-existing directory /home/amash/fyp/BlockBooks/chaincode/target/classes
[[1;36mDEBUG[m] Skipping non-existing directory /home/amash/fyp/BlockBooks/chaincode/target/test-classes
[[1;36mDEBUG[m] Skipping non-existing directory /home/amash/fyp/BlockBooks/chaincode/target/site
[[1;34mINFO[m] 
[[1;34mINFO[m] [1m--- [0;32mprotobuf-maven-plugin:0.6.1:compile[m [1m(generate-proto)[m @ [36mchaincode[0;1m ---[m
[[1;36mDEBUG[m] Dependency collection stats {ConflictMarker.analyzeTime=107553, ConflictMarker.markTime=39504, ConflictMarker.nodeCount=56, ConflictIdSorter.graphTime=62640, ConflictIdSorter.topsortTime=22652, ConflictIdSorter.conflictIdCount=27, ConflictIdSorter.conflictIdCycleCount=0, ConflictResolver.totalTime=645089, ConflictResolver.conflictItemCount=55, DefaultDependencyCollector.collectTime=114343613, DefaultDependencyCollector.transformTime=911945}
[[1;36mDEBUG[m] org.xolstice.maven.plugins:protobuf-maven-plugin:jar:0.6.1
[[1;36mDEBUG[m]    org.apache.maven:maven-plugin-api:jar:3.0:compile
[[1;36mDEBUG[m]       org.apache.maven:maven-model:jar:3.0:compile
[[1;36mDEBUG[m]       org.sonatype.sisu:sisu-inject-plexus:jar:1.4.2:compile
[[1;36mDEBUG[m]          org.sonatype.sisu:sisu-inject-bean:jar:1.4.2:compile
[[1;36mDEBUG[m]             org.sonatype.sisu:sisu-guice:jar:noaop:2.1.7:compile
[[1;36mDEBUG[m]    org.apache.maven.plugin-tools:maven-plugin-annotations:jar:3.5.2:compile
[[1;36mDEBUG[m]    org.codehaus.plexus:plexus-utils:jar:3.1.0:compile
[[1;36mDEBUG[m]    org.codehaus.plexus:plexus-component-annotations:jar:1.7.1:compile
[[1;36mDEBUG[m]    org.sonatype.plexus:plexus-build-api:jar:0.0.7:compile
[[1;36mDEBUG[m]    org.apache.maven:maven-core:jar:3.0:compile
[[1;36mDEBUG[m]       org.apache.maven:maven-settings:jar:3.0:compile
[[1;36mDEBUG[m]       org.apache.maven:maven-settings-builder:jar:3.0:compile
[[1;36mDEBUG[m]       org.apache.maven:maven-repository-metadata:jar:3.0:compile
[[1;36mDEBUG[m]       org.apache.maven:maven-model-builder:jar:3.0:compile
[[1;36mDEBUG[m]       org.apache.maven:maven-aether-provider:jar:3.0:runtime
[[1;36mDEBUG[m]       org.sonatype.aether:aether-impl:jar:1.7:compile
[[1;36mDEBUG[m]          org.sonatype.aether:aether-spi:jar:1.7:compile
[[1;36mDEBUG[m]       org.sonatype.aether:aether-api:jar:1.7:compile
[[1;36mDEBUG[m]       org.sonatype.aether:aether-util:jar:1.7:compile
[[1;36mDEBUG[m]       org.codehaus.plexus:plexus-interpolation:jar:1.14:compile
[[1;36mDEBUG[m]       org.codehaus.plexus:plexus-classworlds:jar:2.2.3:compile
[[1;36mDEBUG[m]       org.sonatype.plexus:plexus-sec-dispatcher:jar:1.3:compile
[[1;36mDEBUG[m]          org.sonatype.plexus:plexus-cipher:jar:1.4:compile
[[1;36mDEBUG[m]    org.apache.maven:maven-artifact:jar:3.0:compile
[[1;36mDEBUG[m]    org.apache.maven:maven-compat:jar:3.0:compile
[[1;36mDEBUG[m]       org.apache.maven.wagon:wagon-provider-api:jar:1.0-beta-6:compile
[[1;36mDEBUG[m] Created new class realm plugin>org.xolstice.maven.plugins:protobuf-maven-plugin:0.6.1
[[1;36mDEBUG[m] Importing foreign packages into class realm plugin>org.xolstice.maven.plugins:protobuf-maven-plugin:0.6.1
[[1;36mDEBUG[m]   Imported:  < maven.api
[[1;36mDEBUG[m] Populating class realm plugin>org.xolstice.maven.plugins:protobuf-maven-plugin:0.6.1
[[1;36mDEBUG[m]   Included: org.xolstice.maven.plugins:protobuf-maven-plugin:jar:0.6.1
[[1;36mDEBUG[m]   Included: org.sonatype.sisu:sisu-inject-bean:jar:1.4.2
[[1;36mDEBUG[m]   Included: org.sonatype.sisu:sisu-guice:jar:noaop:2.1.7
[[1;36mDEBUG[m]   Included: org.apache.maven.plugin-tools:maven-plugin-annotations:jar:3.5.2
[[1;36mDEBUG[m]   Included: org.codehaus.plexus:plexus-utils:jar:3.1.0
[[1;36mDEBUG[m]   Included: org.codehaus.plexus:plexus-component-annotations:jar:1.7.1
[[1;36mDEBUG[m]   Included: org.sonatype.plexus:plexus-build-api:jar:0.0.7
[[1;36mDEBUG[m]   Included: org.sonatype.aether:aether-util:jar:1.7
[[1;36mDEBUG[m]   Included: org.codehaus.plexus:plexus-interpolation:jar:1.14
[[1;36mDEBUG[m]   Included: org.sonatype.plexus:plexus-sec-dispatcher:jar:1.3
[[1;36mDEBUG[m]   Included: org.sonatype.plexus:plexus-cipher:jar:1.4
[[1;36mDEBUG[m] Configuring mojo org.xolstice.maven.plugins:protobuf-maven-plugin:0.6.1:compile from plugin realm ClassRealm[plugin>org.xolstice.maven.plugins:protobuf-maven-plugin:0.6.1, parent: jdk.internal.loader.ClassLoaders$AppClassLoader@639fee48]
[[1;36mDEBUG[m] Configuring mojo 'org.xolstice.maven.plugins:protobuf-maven-plugin:0.6.1:compile' with basic configurator -->
[[1;36mDEBUG[m]   (f) attachDescriptorSet = false
[[1;36mDEBUG[m]   (f) attachProtoSources = true
[[1;36mDEBUG[m]   (f) checkStaleness = false
[[1;36mDEBUG[m]   (f) clearOutputDirectory = true
[[1;36mDEBUG[m]   (f) descriptorSetFileName = chaincode-1.0-SNAPSHOT.protobin
[[1;36mDEBUG[m]   (f) descriptorSetOutputDirectory = /home/amash/fyp/BlockBooks/chaincode/target/generated-resources/protobuf/descriptor-sets
[[1;36mDEBUG[m]   (f) forceMojoExecution = false
[[1;36mDEBUG[m]   (f) hashDependentPaths = true
[[1;36mDEBUG[m]   (f) includeDependenciesInDescriptorSet = false
[[1;36mDEBUG[m]   (f) includeSourceInfoInDescriptorSet = false
[[1;36mDEBUG[m]   (f) localRepository =       id: local
      url: file:///home/amash/.m2/repository/
   layout: default
snapshots: [enabled => true, update => always]
 releases: [enabled => true, update => always]
   blocked: false

[[1;36mDEBUG[m]   (f) outputDirectory = /home/amash/fyp/BlockBooks/chaincode/target/generated-sources/protobuf/java
[[1;36mDEBUG[m]   (f) project = MavenProject: org.ebook:chaincode:1.0-SNAPSHOT @ /home/amash/fyp/BlockBooks/chaincode/pom.xml
[[1;36mDEBUG[m]   (f) protoSourceRoot = /home/amash/fyp/BlockBooks/chaincode/src/main/proto
[[1;36mDEBUG[m]   (f) protocArtifact = com.google.protobuf:protoc:3.6.1
[[1;36mDEBUG[m]   (f) protocPluginDirectory = /home/amash/fyp/BlockBooks/chaincode/target/protoc-plugins
[[1;36mDEBUG[m]   (f) remoteRepositories = [      id: jitpack.io
      url: https://jitpack.io
   layout: default
snapshots: [enabled => true, update => daily]
 releases: [enabled => true, update => daily]
   blocked: false
,       id: central
      url: https://repo.maven.apache.org/maven2
   layout: default
snapshots: [enabled => false, update => daily]
 releases: [enabled => true, update => daily]
   blocked: false
]
[[1;36mDEBUG[m]   (f) session = org.apache.maven.execution.MavenSession@6145b81e
[[1;36mDEBUG[m]   (f) skip = false
[[1;36mDEBUG[m]   (f) staleMillis = 0
[[1;36mDEBUG[m]   (f) tempDirectory = /home/amash/fyp/BlockBooks/chaincode/target
[[1;36mDEBUG[m]   (f) temporaryProtoFileDirectory = /home/amash/fyp/BlockBooks/chaincode/target/protoc-dependencies
[[1;36mDEBUG[m]   (f) useArgumentFile = false
[[1;36mDEBUG[m]   (f) writeDescriptorSet = false
[[1;36mDEBUG[m] -- end configuration --
[[1;36mDEBUG[m] Resolving artifact com.google.protobuf:protoc:exe:3.6.1 from [jitpack.io (https://jitpack.io, default, releases+snapshots), central (https://repo.maven.apache.org/maven2, default, releases)]
[[1;34mINFO[m] [1m------------------------------------------------------------------------[m
[[1;34mINFO[m] [1;31mBUILD FAILURE[m
[[1;34mINFO[m] [1m------------------------------------------------------------------------[m
[[1;34mINFO[m] Total time:  1.048 s
[[1;34mINFO[m] Finished at: 2025-05-19T16:11:24+01:00
[[1;34mINFO[m] [1m------------------------------------------------------------------------[m
[[1;31mERROR[m] Failed to execute goal [32morg.xolstice.maven.plugins:protobuf-maven-plugin:0.6.1:compile[m [1m(generate-proto)[m on project [36mchaincode[m: [1;31mUnable to resolve artifact: Missing:[m
[[1;31mERROR[m] [1;31m----------[m
[[1;31mERROR[m] [1;31m1) com.google.protobuf:protoc:exe:3.6.1[m
[[1;31mERROR[m] [1;31m[m
[[1;31mERROR[m] [1;31m  Try downloading the file manually from the project website.[m
[[1;31mERROR[m] [1;31m[m
[[1;31mERROR[m] [1;31m  Then, install it using the command: [m
[[1;31mERROR[m] [1;31m      mvn install:install-file -DgroupId=com.google.protobuf -DartifactId=protoc -Dversion=3.6.1 -Dpackaging=exe -Dfile=/path/to/file[m
[[1;31mERROR[m] [1;31m[m
[[1;31mERROR[m] [1;31m  Alternatively, if you host your own repository you can deploy the file there: [m
[[1;31mERROR[m] [1;31m      mvn deploy:deploy-file -DgroupId=com.google.protobuf -DartifactId=protoc -Dversion=3.6.1 -Dpackaging=exe -Dfile=/path/to/file -Durl=[url] -DrepositoryId=[id][m
[[1;31mERROR[m] [1;31m[m
[[1;31mERROR[m] [1;31m  Path to dependency: [m
[[1;31mERROR[m] [1;31m  	1) org.ebook:chaincode:jar:1.0-SNAPSHOT[m
[[1;31mERROR[m] [1;31m  	2) com.google.protobuf:protoc:exe:3.6.1[m
[[1;31mERROR[m] [1;31m[m
[[1;31mERROR[m] [1;31m----------[m
[[1;31mERROR[m] [1;31m1 required artifact is missing.[m
[[1;31mERROR[m] [1;31m[m
[[1;31mERROR[m] [1;31mfor artifact: [m
[[1;31mERROR[m] [1;31m  org.ebook:chaincode:jar:1.0-SNAPSHOT[m
[[1;31mERROR[m] [1;31m[m
[[1;31mERROR[m] [1;31mfrom the specified remote repositories:[m
[[1;31mERROR[m] [1;31m  jitpack.io (https://jitpack.io, releases=true, snapshots=true),[m
[[1;31mERROR[m] [1;31m  central (https://repo.maven.apache.org/maven2, releases=true, snapshots=false)[m
[[1;31mERROR[m] [1;31m[m
[[1;31mERROR[m] -> [1m[Help 1][m
[1;31morg.apache.maven.lifecycle.LifecycleExecutionException[m: [1;31mFailed to execute goal [32morg.xolstice.maven.plugins:protobuf-maven-plugin:0.6.1:compile[m [1m(generate-proto)[m on project [36mchaincode[m: [1;31mUnable to resolve artifact: Missing:
----------
1) com.google.protobuf:protoc:exe:3.6.1

  Try downloading the file manually from the project website.

  Then, install it using the command: 
      mvn install:install-file -DgroupId=com.google.protobuf -DartifactId=protoc -Dversion=3.6.1 -Dpackaging=exe -Dfile=/path/to/file

  Alternatively, if you host your own repository you can deploy the file there: 
      mvn deploy:deploy-file -DgroupId=com.google.protobuf -DartifactId=protoc -Dversion=3.6.1 -Dpackaging=exe -Dfile=/path/to/file -Durl=[url] -DrepositoryId=[id]

  Path to dependency: 
  	1) org.ebook:chaincode:jar:1.0-SNAPSHOT
  	2) com.google.protobuf:protoc:exe:3.6.1

----------
1 required artifact is missing.

for artifact: 
  org.ebook:chaincode:jar:1.0-SNAPSHOT

from the specified remote repositories:
  jitpack.io (https://jitpack.io, releases=true, snapshots=true),
  central (https://repo.maven.apache.org/maven2, releases=true, snapshots=false)
[m[m
    [1mat[m org.apache.maven.lifecycle.internal.MojoExecutor.doExecute2 ([1mMojoExecutor.java:375[m)
    [1mat[m org.apache.maven.lifecycle.internal.MojoExecutor.doExecute ([1mMojoExecutor.java:351[m)
    [1mat[m org.apache.maven.lifecycle.internal.MojoExecutor.execute ([1mMojoExecutor.java:215[m)
    [1mat[m org.apache.maven.lifecycle.internal.MojoExecutor.execute ([1mMojoExecutor.java:171[m)
    [1mat[m org.apache.maven.lifecycle.internal.MojoExecutor.execute ([1mMojoExecutor.java:163[m)
    [1mat[m org.apache.maven.lifecycle.internal.LifecycleModuleBuilder.buildProject ([1mLifecycleModuleBuilder.java:117[m)
    [1mat[m org.apache.maven.lifecycle.internal.LifecycleModuleBuilder.buildProject ([1mLifecycleModuleBuilder.java:81[m)
    [1mat[m org.apache.maven.lifecycle.internal.builder.singlethreaded.SingleThreadedBuilder.build ([1mSingleThreadedBuilder.java:56[m)
    [1mat[m org.apache.maven.lifecycle.internal.LifecycleStarter.execute ([1mLifecycleStarter.java:128[m)
    [1mat[m org.apache.maven.DefaultMaven.doExecute ([1mDefaultMaven.java:298[m)
    [1mat[m org.apache.maven.DefaultMaven.doExecute ([1mDefaultMaven.java:192[m)
    [1mat[m org.apache.maven.DefaultMaven.execute ([1mDefaultMaven.java:105[m)
    [1mat[m org.apache.maven.cli.MavenCli.execute ([1mMavenCli.java:960[m)
    [1mat[m org.apache.maven.cli.MavenCli.doMain ([1mMavenCli.java:293[m)
    [1mat[m org.apache.maven.cli.MavenCli.main ([1mMavenCli.java:196[m)
    [1mat[m jdk.internal.reflect.DirectMethodHandleAccessor.invoke ([1mDirectMethodHandleAccessor.java:103[m)
    [1mat[m java.lang.reflect.Method.invoke ([1mMethod.java:580[m)
    [1mat[m org.codehaus.plexus.classworlds.launcher.Launcher.launchEnhanced ([1mLauncher.java:283[m)
    [1mat[m org.codehaus.plexus.classworlds.launcher.Launcher.launch ([1mLauncher.java:226[m)
    [1mat[m org.codehaus.plexus.classworlds.launcher.Launcher.mainWithExitCode ([1mLauncher.java:407[m)
    [1mat[m org.codehaus.plexus.classworlds.launcher.Launcher.main ([1mLauncher.java:348[m)
[1mCaused by[m: org.apache.maven.plugin.MojoExecutionException: [1;31mUnable to resolve artifact: Missing:
----------
1) com.google.protobuf:protoc:exe:3.6.1

  Try downloading the file manually from the project website.

  Then, install it using the command: 
      mvn install:install-file -DgroupId=com.google.protobuf -DartifactId=protoc -Dversion=3.6.1 -Dpackaging=exe -Dfile=/path/to/file

  Alternatively, if you host your own repository you can deploy the file there: 
      mvn deploy:deploy-file -DgroupId=com.google.protobuf -DartifactId=protoc -Dversion=3.6.1 -Dpackaging=exe -Dfile=/path/to/file -Durl=[url] -DrepositoryId=[id]

  Path to dependency: 
  	1) org.ebook:chaincode:jar:1.0-SNAPSHOT
  	2) com.google.protobuf:protoc:exe:3.6.1

----------
1 required artifact is missing.

for artifact: 
  org.ebook:chaincode:jar:1.0-SNAPSHOT

from the specified remote repositories:
  jitpack.io (https://jitpack.io, releases=true, snapshots=true),
  central (https://repo.maven.apache.org/maven2, releases=true, snapshots=false)
[m
    [1mat[m org.xolstice.maven.plugin.protobuf.AbstractProtocMojo.execute ([1mAbstractProtocMojo.java:589[m)
    [1mat[m org.xolstice.maven.plugin.protobuf.AbstractProtocCompileMojo.execute ([1mAbstractProtocCompileMojo.java:32[m)
    [1mat[m org.apache.maven.plugin.DefaultBuildPluginManager.executeMojo ([1mDefaultBuildPluginManager.java:137[m)
    [1mat[m org.apache.maven.lifecycle.internal.MojoExecutor.doExecute2 ([1mMojoExecutor.java:370[m)
    [1mat[m org.apache.maven.lifecycle.internal.MojoExecutor.doExecute ([1mMojoExecutor.java:351[m)
    [1mat[m org.apache.maven.lifecycle.internal.MojoExecutor.execute ([1mMojoExecutor.java:215[m)
    [1mat[m org.apache.maven.lifecycle.internal.MojoExecutor.execute ([1mMojoExecutor.java:171[m)
    [1mat[m org.apache.maven.lifecycle.internal.MojoExecutor.execute ([1mMojoExecutor.java:163[m)
    [1mat[m org.apache.maven.lifecycle.internal.LifecycleModuleBuilder.buildProject ([1mLifecycleModuleBuilder.java:117[m)
    [1mat[m org.apache.maven.lifecycle.internal.LifecycleModuleBuilder.buildProject ([1mLifecycleModuleBuilder.java:81[m)
    [1mat[m org.apache.maven.lifecycle.internal.builder.singlethreaded.SingleThreadedBuilder.build ([1mSingleThreadedBuilder.java:56[m)
    [1mat[m org.apache.maven.lifecycle.internal.LifecycleStarter.execute ([1mLifecycleStarter.java:128[m)
    [1mat[m org.apache.maven.DefaultMaven.doExecute ([1mDefaultMaven.java:298[m)
    [1mat[m org.apache.maven.DefaultMaven.doExecute ([1mDefaultMaven.java:192[m)
    [1mat[m org.apache.maven.DefaultMaven.execute ([1mDefaultMaven.java:105[m)
    [1mat[m org.apache.maven.cli.MavenCli.execute ([1mMavenCli.java:960[m)
    [1mat[m org.apache.maven.cli.MavenCli.doMain ([1mMavenCli.java:293[m)
    [1mat[m org.apache.maven.cli.MavenCli.main ([1mMavenCli.java:196[m)
    [1mat[m jdk.internal.reflect.DirectMethodHandleAccessor.invoke ([1mDirectMethodHandleAccessor.java:103[m)
    [1mat[m java.lang.reflect.Method.invoke ([1mMethod.java:580[m)
    [1mat[m org.codehaus.plexus.classworlds.launcher.Launcher.launchEnhanced ([1mLauncher.java:283[m)
    [1mat[m org.codehaus.plexus.classworlds.launcher.Launcher.launch ([1mLauncher.java:226[m)
    [1mat[m org.codehaus.plexus.classworlds.launcher.Launcher.mainWithExitCode ([1mLauncher.java:407[m)
    [1mat[m org.codehaus.plexus.classworlds.launcher.Launcher.main ([1mLauncher.java:348[m)
[1mCaused by[m: org.xolstice.maven.plugin.protobuf.MojoInitializationException: [1;31mUnable to resolve artifact: Missing:
----------
1) com.google.protobuf:protoc:exe:3.6.1

  Try downloading the file manually from the project website.

  Then, install it using the command: 
      mvn install:install-file -DgroupId=com.google.protobuf -DartifactId=protoc -Dversion=3.6.1 -Dpackaging=exe -Dfile=/path/to/file

  Alternatively, if you host your own repository you can deploy the file there: 
      mvn deploy:deploy-file -DgroupId=com.google.protobuf -DartifactId=protoc -Dversion=3.6.1 -Dpackaging=exe -Dfile=/path/to/file -Durl=[url] -DrepositoryId=[id]

  Path to dependency: 
  	1) org.ebook:chaincode:jar:1.0-SNAPSHOT
  	2) com.google.protobuf:protoc:exe:3.6.1

----------
1 required artifact is missing.

for artifact: 
  org.ebook:chaincode:jar:1.0-SNAPSHOT

from the specified remote repositories:
  jitpack.io (https://jitpack.io, releases=true, snapshots=true),
  central (https://repo.maven.apache.org/maven2, releases=true, snapshots=false)
[m
    [1mat[m org.xolstice.maven.plugin.protobuf.AbstractProtocMojo.resolveBinaryArtifact ([1mAbstractProtocMojo.java:1071[m)
    [1mat[m org.xolstice.maven.plugin.protobuf.AbstractProtocMojo.execute ([1mAbstractProtocMojo.java:529[m)
    [1mat[m org.xolstice.maven.plugin.protobuf.AbstractProtocCompileMojo.execute ([1mAbstractProtocCompileMojo.java:32[m)
    [1mat[m org.apache.maven.plugin.DefaultBuildPluginManager.executeMojo ([1mDefaultBuildPluginManager.java:137[m)
    [1mat[m org.apache.maven.lifecycle.internal.MojoExecutor.doExecute2 ([1mMojoExecutor.java:370[m)
    [1mat[m org.apache.maven.lifecycle.internal.MojoExecutor.doExecute ([1mMojoExecutor.java:351[m)
    [1mat[m org.apache.maven.lifecycle.internal.MojoExecutor.execute ([1mMojoExecutor.java:215[m)
    [1mat[m org.apache.maven.lifecycle.internal.MojoExecutor.execute ([1mMojoExecutor.java:171[m)
    [1mat[m org.apache.maven.lifecycle.internal.MojoExecutor.execute ([1mMojoExecutor.java:163[m)
    [1mat[m org.apache.maven.lifecycle.internal.LifecycleModuleBuilder.buildProject ([1mLifecycleModuleBuilder.java:117[m)
    [1mat[m org.apache.maven.lifecycle.internal.LifecycleModuleBuilder.buildProject ([1mLifecycleModuleBuilder.java:81[m)
    [1mat[m org.apache.maven.lifecycle.internal.builder.singlethreaded.SingleThreadedBuilder.build ([1mSingleThreadedBuilder.java:56[m)
    [1mat[m org.apache.maven.lifecycle.internal.LifecycleStarter.execute ([1mLifecycleStarter.java:128[m)
    [1mat[m org.apache.maven.DefaultMaven.doExecute ([1mDefaultMaven.java:298[m)
    [1mat[m org.apache.maven.DefaultMaven.doExecute ([1mDefaultMaven.java:192[m)
    [1mat[m org.apache.maven.DefaultMaven.execute ([1mDefaultMaven.java:105[m)
    [1mat[m org.apache.maven.cli.MavenCli.execute ([1mMavenCli.java:960[m)
    [1mat[m org.apache.maven.cli.MavenCli.doMain ([1mMavenCli.java:293[m)
    [1mat[m org.apache.maven.cli.MavenCli.main ([1mMavenCli.java:196[m)
    [1mat[m jdk.internal.reflect.DirectMethodHandleAccessor.invoke ([1mDirectMethodHandleAccessor.java:103[m)
    [1mat[m java.lang.reflect.Method.invoke ([1mMethod.java:580[m)
    [1mat[m org.codehaus.plexus.classworlds.launcher.Launcher.launchEnhanced ([1mLauncher.java:283[m)
    [1mat[m org.codehaus.plexus.classworlds.launcher.Launcher.launch ([1mLauncher.java:226[m)
    [1mat[m org.codehaus.plexus.classworlds.launcher.Launcher.mainWithExitCode ([1mLauncher.java:407[m)
    [1mat[m org.codehaus.plexus.classworlds.launcher.Launcher.main ([1mLauncher.java:348[m)
[1mCaused by[m: org.apache.maven.artifact.resolver.MultipleArtifactsNotFoundException: [1;31mMissing:
----------
1) com.google.protobuf:protoc:exe:3.6.1

  Try downloading the file manually from the project website.

  Then, install it using the command: 
      mvn install:install-file -DgroupId=com.google.protobuf -DartifactId=protoc -Dversion=3.6.1 -Dpackaging=exe -Dfile=/path/to/file

  Alternatively, if you host your own repository you can deploy the file there: 
      mvn deploy:deploy-file -DgroupId=com.google.protobuf -DartifactId=protoc -Dversion=3.6.1 -Dpackaging=exe -Dfile=/path/to/file -Durl=[url] -DrepositoryId=[id]

  Path to dependency: 
  	1) org.ebook:chaincode:jar:1.0-SNAPSHOT
  	2) com.google.protobuf:protoc:exe:3.6.1

----------
1 required artifact is missing.

for artifact: 
  org.ebook:chaincode:jar:1.0-SNAPSHOT

from the specified remote repositories:
  jitpack.io (https://jitpack.io, releases=true, snapshots=true),
  central (https://repo.maven.apache.org/maven2, releases=true, snapshots=false)
[m
    [1mat[m org.apache.maven.artifact.resolver.DefaultResolutionErrorHandler.throwErrors ([1mDefaultResolutionErrorHandler.java:73[m)
    [1mat[m org.xolstice.maven.plugin.protobuf.AbstractProtocMojo.resolveBinaryArtifact ([1mAbstractProtocMojo.java:1069[m)
    [1mat[m org.xolstice.maven.plugin.protobuf.AbstractProtocMojo.execute ([1mAbstractProtocMojo.java:529[m)
    [1mat[m org.xolstice.maven.plugin.protobuf.AbstractProtocCompileMojo.execute ([1mAbstractProtocCompileMojo.java:32[m)
    [1mat[m org.apache.maven.plugin.DefaultBuildPluginManager.executeMojo ([1mDefaultBuildPluginManager.java:137[m)
    [1mat[m org.apache.maven.lifecycle.internal.MojoExecutor.doExecute2 ([1mMojoExecutor.java:370[m)
    [1mat[m org.apache.maven.lifecycle.internal.MojoExecutor.doExecute ([1mMojoExecutor.java:351[m)
    [1mat[m org.apache.maven.lifecycle.internal.MojoExecutor.execute ([1mMojoExecutor.java:215[m)
    [1mat[m org.apache.maven.lifecycle.internal.MojoExecutor.execute ([1mMojoExecutor.java:171[m)
    [1mat[m org.apache.maven.lifecycle.internal.MojoExecutor.execute ([1mMojoExecutor.java:163[m)
    [1mat[m org.apache.maven.lifecycle.internal.LifecycleModuleBuilder.buildProject ([1mLifecycleModuleBuilder.java:117[m)
    [1mat[m org.apache.maven.lifecycle.internal.LifecycleModuleBuilder.buildProject ([1mLifecycleModuleBuilder.java:81[m)
    [1mat[m org.apache.maven.lifecycle.internal.builder.singlethreaded.SingleThreadedBuilder.build ([1mSingleThreadedBuilder.java:56[m)
    [1mat[m org.apache.maven.lifecycle.internal.LifecycleStarter.execute ([1mLifecycleStarter.java:128[m)
    [1mat[m org.apache.maven.DefaultMaven.doExecute ([1mDefaultMaven.java:298[m)
    [1mat[m org.apache.maven.DefaultMaven.doExecute ([1mDefaultMaven.java:192[m)
    [1mat[m org.apache.maven.DefaultMaven.execute ([1mDefaultMaven.java:105[m)
    [1mat[m org.apache.maven.cli.MavenCli.execute ([1mMavenCli.java:960[m)
    [1mat[m org.apache.maven.cli.MavenCli.doMain ([1mMavenCli.java:293[m)
    [1mat[m org.apache.maven.cli.MavenCli.main ([1mMavenCli.java:196[m)
    [1mat[m jdk.internal.reflect.DirectMethodHandleAccessor.invoke ([1mDirectMethodHandleAccessor.java:103[m)
    [1mat[m java.lang.reflect.Method.invoke ([1mMethod.java:580[m)
    [1mat[m org.codehaus.plexus.classworlds.launcher.Launcher.launchEnhanced ([1mLauncher.java:283[m)
    [1mat[m org.codehaus.plexus.classworlds.launcher.Launcher.launch ([1mLauncher.java:226[m)
    [1mat[m org.codehaus.plexus.classworlds.launcher.Launcher.mainWithExitCode ([1mLauncher.java:407[m)
    [1mat[m org.codehaus.plexus.classworlds.launcher.Launcher.main ([1mLauncher.java:348[m)
[[1;31mERROR[m] 
[[1;31mERROR[m] 
[[1;31mERROR[m] For more information about the errors and possible solutions, please read the following articles:
[[1;31mERROR[m] [1m[Help 1][m http://cwiki.apache.org/confluence/display/MAVEN/MojoExecutionException
